c:\users\user\source\repos\longhorn theme updater\longbridgethemecore\x64\debug\vc143.pdb
c:\users\user\source\repos\longhorn theme updater\longbridgethemecore\x64\debug\vc143.idb
c:\users\user\source\repos\longhorn theme updater\longbridgethemecore\x64\debug\longbridgethemecore.obj
c:\users\user\source\repos\longhorn theme updater\x64\debug\longbridgethemecore.lib
c:\users\user\source\repos\longhorn theme updater\x64\debug\longbridgethemecore.exp
c:\users\user\source\repos\longhorn theme updater\longbridgethemecore\x64\debug\longbridgethemecore.ilk
c:\users\user\source\repos\longhorn theme updater\x64\debug\longbridgethemecore.pdb
c:\users\user\source\repos\longhorn theme updater\longbridgethemecore\x64\debug\longbrid.2d5a0070.tlog\cl.command.1.tlog
c:\users\user\source\repos\longhorn theme updater\longbridgethemecore\x64\debug\longbrid.2d5a0070.tlog\cl.items.tlog
c:\users\user\source\repos\longhorn theme updater\longbridgethemecore\x64\debug\longbrid.2d5a0070.tlog\cl.read.1.tlog
c:\users\user\source\repos\longhorn theme updater\longbridgethemecore\x64\debug\longbrid.2d5a0070.tlog\cl.write.1.tlog
c:\users\user\source\repos\longhorn theme updater\longbridgethemecore\x64\debug\longbrid.2d5a0070.tlog\link-cvtres.read.1.tlog
c:\users\user\source\repos\longhorn theme updater\longbridgethemecore\x64\debug\longbrid.2d5a0070.tlog\link-cvtres.write.1.tlog
c:\users\user\source\repos\longhorn theme updater\longbridgethemecore\x64\debug\longbrid.2d5a0070.tlog\link-rc.read.1.tlog
c:\users\user\source\repos\longhorn theme updater\longbridgethemecore\x64\debug\longbrid.2d5a0070.tlog\link-rc.write.1.tlog
c:\users\user\source\repos\longhorn theme updater\longbridgethemecore\x64\debug\longbrid.2d5a0070.tlog\link.14956-cvtres.read.1.tlog
c:\users\user\source\repos\longhorn theme updater\longbridgethemecore\x64\debug\longbrid.2d5a0070.tlog\link.14956-cvtres.write.1.tlog
c:\users\user\source\repos\longhorn theme updater\longbridgethemecore\x64\debug\longbrid.2d5a0070.tlog\link.14956-rc.read.1.tlog
c:\users\user\source\repos\longhorn theme updater\longbridgethemecore\x64\debug\longbrid.2d5a0070.tlog\link.14956-rc.write.1.tlog
c:\users\user\source\repos\longhorn theme updater\longbridgethemecore\x64\debug\longbrid.2d5a0070.tlog\link.14956.read.1.tlog
c:\users\user\source\repos\longhorn theme updater\longbridgethemecore\x64\debug\longbrid.2d5a0070.tlog\link.14956.read.2.tlog
c:\users\user\source\repos\longhorn theme updater\longbridgethemecore\x64\debug\longbrid.2d5a0070.tlog\link.14956.write.1.tlog
c:\users\user\source\repos\longhorn theme updater\longbridgethemecore\x64\debug\longbrid.2d5a0070.tlog\link.command.1.tlog
c:\users\user\source\repos\longhorn theme updater\longbridgethemecore\x64\debug\longbrid.2d5a0070.tlog\link.read.1.tlog
c:\users\user\source\repos\longhorn theme updater\longbridgethemecore\x64\debug\longbrid.2d5a0070.tlog\link.read.2.tlog
c:\users\user\source\repos\longhorn theme updater\longbridgethemecore\x64\debug\longbrid.2d5a0070.tlog\link.secondary.1.tlog
c:\users\user\source\repos\longhorn theme updater\longbridgethemecore\x64\debug\longbrid.2d5a0070.tlog\link.write.1.tlog
